<?xml version="1.0" encoding="UTF-8"?>
<!-- Generated by org.testng.reporters.JUnitReportReporter -->
<testsuite skipped="0" hostname="DESKTOP-25NVKGJ" name="module1_login.test2" tests="2" failures="0" timestamp="2023-02-06T14:15:50 IST" time="0.014" errors="0">
  <testcase name="TC1" time="0.009" classname="module1_login.test2"/>
  <system-out>
    <![CDATA[Running TC1]]>
  </system-out>
  <testcase name="TC2" time="0.005" classname="module1_login.test2"/>
  <system-out>
    <![CDATA[Running TC2]]>
  </system-out>
</testsuite> <!-- module1_login.test2 -->
