<?xml version="1.0" encoding="UTF-8"?>
<!-- Generated by org.testng.reporters.JUnitReportReporter -->
<testsuite skipped="0" hostname="DESKTOP-25NVKGJ" name="Library_File.xyz" tests="1" failures="0" timestamp="2023-02-06T14:23:52 IST" time="0.006" errors="0">
  <testcase name="TC2" time="0.006" classname="Library_File.xyz"/>
  <system-out>
    <![CDATA[Running TC2]]>
  </system-out>
</testsuite> <!-- Library_File.xyz -->
