<?xml version="1.0" encoding="UTF-8"?>
<!-- Generated by org.testng.reporters.JUnitReportReporter -->
<testsuite skipped="0" hostname="DESKTOP-25NVKGJ" name="Library_File.NewTest" tests="1" failures="0" timestamp="2023-02-06T14:25:06 IST" time="0.008" errors="0">
  <testcase name="TC2" time="0.008" classname="Library_File.NewTest"/>
  <system-out>
    <![CDATA[Running TC2]]>
  </system-out>
</testsuite> <!-- Library_File.NewTest -->
